<?xml version="1.0" encoding="UTF-8"?>
<!-- Generated by org.testng.reporters.JUnitReportReporter -->
<testsuite hostname="digvijay-Vostro-3583" failures="0" tests="1" name="workingTestscripts.SalesManager_LoginTest" time="7.966" errors="0" timestamp="2022-09-02T16:54:27 IST" skipped="0">
  <testcase classname="workingTestscripts.SalesManager_LoginTest" name="salesManagerLoginTest" time="7.966"/>
  <system-out/>
</testsuite> <!-- workingTestscripts.SalesManager_LoginTest -->
