<?xml version="1.0" encoding="UTF-8"?>
<!-- Generated by org.testng.reporters.JUnitReportReporter -->
<testsuite hostname="digvijay-Vostro-3583" failures="0" tests="1" name="workingTestscripts.AddingANoteTest" time="11.263" errors="0" timestamp="2022-09-02T16:05:02 IST" skipped="0">
  <testcase classname="workingTestscripts.AddingANoteTest" name="addingNoteTest" time="11.263"/>
  <system-out/>
</testsuite> <!-- workingTestscripts.AddingANoteTest -->
