<?xml version="1.0" encoding="UTF-8"?>
<!-- Generated by org.testng.reporters.JUnitReportReporter -->
<testsuite hostname="digvijay-Vostro-3583" failures="0" tests="1" name="dashboardBucketsPack.MissedCalls_VerificationTest" time="6.453" errors="0" timestamp="2022-09-28T20:13:02 IST" skipped="0">
  <testcase classname="dashboardBucketsPack.MissedCalls_VerificationTest" name="missedCalls_VerificationTest" time="6.453"/>
  <system-out/>
</testsuite> <!-- dashboardBucketsPack.MissedCalls_VerificationTest -->
