<?xml version="1.0" encoding="UTF-8"?>
<!-- Generated by org.testng.reporters.JUnitReportReporter -->
<testsuite hostname="digvijay-Vostro-3583" failures="0" tests="1" name="workingTestscripts.PresalesManager_LoginTest" time="6.701" errors="0" timestamp="2022-09-02T16:54:27 IST" skipped="0">
  <testcase classname="workingTestscripts.PresalesManager_LoginTest" name="presalesManagerLoginTest" time="6.701"/>
  <system-out/>
</testsuite> <!-- workingTestscripts.PresalesManager_LoginTest -->
