<?xml version="1.0" encoding="UTF-8"?>
<!-- Generated by org.testng.reporters.JUnitReportReporter -->
<testsuite hostname="digvijay-Vostro-3583" failures="0" tests="1" name="leadActivities.SendingEmailWithCCandBCCTest" time="20.855" errors="0" timestamp="2022-11-09T20:29:04 IST" skipped="0">
  <testcase classname="leadActivities.SendingEmailWithCCandBCCTest" name="sendingEmailWithCCandBCCTest" time="20.855"/>
  <system-out/>
</testsuite> <!-- leadActivities.SendingEmailWithCCandBCCTest -->
