<?xml version="1.0" encoding="UTF-8"?>
<!-- Generated by org.testng.reporters.JUnitReportReporter -->
<testsuite hostname="digvijay-Vostro-3583" failures="0" tests="1" name="login.PostSalesManager_LoginTest" time="8.399" errors="0" timestamp="2022-11-09T19:51:19 IST" skipped="0">
  <testcase classname="login.PostSalesManager_LoginTest" name="postsalesManagerLoginTest" time="8.399"/>
  <system-out/>
</testsuite> <!-- login.PostSalesManager_LoginTest -->
