<?xml version="1.0" encoding="UTF-8"?>
<!-- Generated by org.testng.reporters.JUnitReportReporter -->
<testsuite hostname="digvijay-Vostro-3583" failures="0" tests="1" name="exportPackage.ExportPartnersTest" time="20.490" errors="0" timestamp="2022-11-09T20:16:40 IST" skipped="0">
  <testcase classname="exportPackage.ExportPartnersTest" name="exportPartnetsTest" time="20.490"/>
  <system-out/>
</testsuite> <!-- exportPackage.ExportPartnersTest -->
