<?xml version="1.0" encoding="UTF-8"?>
<!-- Generated by org.testng.reporters.JUnitReportReporter -->
<testsuite hostname="yash-Latitude-3420" failures="0" tests="1" name="leadStagesPack.ChangingStage_ProspectToOpportunityTest" time="36.210" errors="0" timestamp="20 Jul 2022 12:27:48 GMT" skipped="0">
  <testcase classname="leadStagesPack.ChangingStage_ProspectToOpportunityTest" name="changingStage_ProspectToOpportunityTest" time="36.210"/>
</testsuite> <!-- leadStagesPack.ChangingStage_ProspectToOpportunityTest -->
