<?xml version="1.0" encoding="UTF-8"?>
<!-- Generated by org.testng.reporters.JUnitReportReporter -->
<testsuite hostname="digvijay-Vostro-3583" failures="0" tests="1" name="workingTestscripts.Admin_LoginTest" time="6.279" errors="0" timestamp="2022-09-02T16:54:27 IST" skipped="0">
  <testcase classname="workingTestscripts.Admin_LoginTest" name="adminLoginTest" time="6.279"/>
  <system-out/>
</testsuite> <!-- workingTestscripts.Admin_LoginTest -->
