<?xml version="1.0" encoding="UTF-8"?>
<!-- Generated by org.testng.reporters.JUnitReportReporter -->
<testsuite hostname="yash-Latitude-3420" failures="0" tests="1" name="exportPackage1.ExportPartnersTest" time="0.000" errors="0" timestamp="22 Jun 2022 09:10:15 GMT" skipped="1">
  <testcase classname="exportPackage1.ExportPartnersTest" name="exportPartnetsTest" time="0.000">
    <skipped/>
  </testcase> <!-- exportPartnetsTest -->
</testsuite> <!-- exportPackage1.ExportPartnersTest -->
