<?xml version="1.0" encoding="UTF-8"?>
<!-- Generated by org.testng.reporters.JUnitReportReporter -->
<testsuite hostname="yash-Latitude-3420" failures="0" tests="1" name="otherLeadActivitiesPack.AddingNewLeadTest" time="0.000" errors="0" timestamp="12 May 2022 11:08:58 GMT" skipped="1">
  <testcase classname="otherLeadActivitiesPack.AddingNewLeadTest" name="addingNewLeadTest" time="0.000">
    <skipped/>
  </testcase> <!-- addingNewLeadTest -->
</testsuite> <!-- otherLeadActivitiesPack.AddingNewLeadTest -->
