<?xml version="1.0" encoding="UTF-8"?>
<!-- Generated by org.testng.reporters.JUnitReportReporter -->
<testsuite hostname="digvijay-Vostro-3583" failures="0" tests="1" name="exportPackage.ExportFollowupsTest" time="22.843" errors="0" timestamp="2022-11-09T20:16:40 IST" skipped="0">
  <testcase classname="exportPackage.ExportFollowupsTest" name="exportFollowupsTest" time="22.843"/>
  <system-out/>
</testsuite> <!-- exportPackage.ExportFollowupsTest -->
