<?xml version="1.0" encoding="UTF-8"?>
<!-- Generated by org.testng.reporters.JUnitReportReporter -->
<testsuite hostname="digvijay-Vostro-3583" failures="0" tests="1" name="userManagementPack.AddingNewTeamTest" time="9.748" errors="0" timestamp="2022-11-09T20:54:18 IST" skipped="0">
  <testcase classname="userManagementPack.AddingNewTeamTest" name="addingNewTeamTest" time="9.748"/>
  <system-out/>
</testsuite> <!-- userManagementPack.AddingNewTeamTest -->
