<?xml version="1.0" encoding="UTF-8"?>
<!-- Generated by org.testng.reporters.JUnitReportReporter -->
<testsuite hostname="digvijay-Vostro-3583" failures="0" tests="1" name="workingTestscripts1.FollowupTests" time="68.773" errors="0" timestamp="2022-09-01T12:58:55 IST" skipped="0">
  <testcase classname="workingTestscripts1.FollowupTests" name="scheduleFollowup" time="68.773"/>
  <system-out/>
</testsuite> <!-- workingTestscripts1.FollowupTests -->
