<?xml version="1.0" encoding="UTF-8"?>
<!-- Generated by org.testng.reporters.JUnitReportReporter -->
<testsuite hostname="digvijay-Vostro-3583" failures="0" tests="1" name="workingTestscripts.PostSalesManager_LoginTest" time="8.116" errors="0" timestamp="2022-09-02T16:54:27 IST" skipped="0">
  <testcase classname="workingTestscripts.PostSalesManager_LoginTest" name="postsalesManagerLoginTest" time="8.116"/>
  <system-out/>
</testsuite> <!-- workingTestscripts.PostSalesManager_LoginTest -->
