<?xml version="1.0" encoding="UTF-8"?>
<!-- Generated by org.testng.reporters.JUnitReportReporter -->
<testsuite hostname="yash-Latitude-3420" failures="0" tests="1" name="workingTestscripts4.ReassigningLeadTest" time="51.016" errors="0" timestamp="02 Jun 2022 08:04:23 GMT" skipped="0">
  <testcase classname="workingTestscripts4.ReassigningLeadTest" name="reassigningLeadTest" time="51.016"/>
</testsuite> <!-- workingTestscripts4.ReassigningLeadTest -->
