<?xml version="1.0" encoding="UTF-8"?>
<!-- Generated by org.testng.reporters.JUnitReportReporter -->
<testsuite hostname="digvijay-Vostro-3583" failures="0" tests="1" name="dashboardBucketsPack.MissedSitevisit_VerificationTest" time="21.211" errors="0" timestamp="2022-09-28T20:13:02 IST" skipped="0">
  <testcase classname="dashboardBucketsPack.MissedSitevisit_VerificationTest" name="missedSitevisit_VerificationTest" time="21.211"/>
  <system-out/>
</testsuite> <!-- dashboardBucketsPack.MissedSitevisit_VerificationTest -->
