<?xml version="1.0" encoding="UTF-8"?>
<!-- Generated by org.testng.reporters.JUnitReportReporter -->
<testsuite hostname="digvijay-Vostro-3583" failures="0" tests="1" name="exportPackage.ExportInvoices_ItemizedBill_CalllTest" time="23.469" errors="0" timestamp="2022-11-09T20:16:40 IST" skipped="0">
  <testcase classname="exportPackage.ExportInvoices_ItemizedBill_CalllTest" name="exportInvoices_ItemizedBill_CalllTest" time="23.469"/>
  <system-out/>
</testsuite> <!-- exportPackage.ExportInvoices_ItemizedBill_CalllTest -->
