<?xml version="1.0" encoding="UTF-8"?>
<!-- Generated by org.testng.reporters.JUnitReportReporter -->
<testsuite hostname="digvijay-Vostro-3583" failures="0" tests="1" name="leadActivities.MarkOnDefaultBreakTest" time="15.226" errors="0" timestamp="2022-11-09T20:29:04 IST" skipped="0">
  <testcase classname="leadActivities.MarkOnDefaultBreakTest" name="markingOnBreakTest" time="15.226"/>
  <system-out/>
</testsuite> <!-- leadActivities.MarkOnDefaultBreakTest -->
