<?xml version="1.0" encoding="UTF-8"?>
<!-- Generated by org.testng.reporters.JUnitReportReporter -->
<testsuite hostname="yash-Latitude-3420" failures="0" tests="1" name="workingTestscripts4.SendingEmailWithCCandBCCTest" time="21.135" errors="0" timestamp="02 Jun 2022 08:04:23 GMT" skipped="0">
  <testcase classname="workingTestscripts4.SendingEmailWithCCandBCCTest" name="sendingEmailWithCCandBCCTest" time="21.135"/>
</testsuite> <!-- workingTestscripts4.SendingEmailWithCCandBCCTest -->
