<?xml version="1.0" encoding="UTF-8"?>
<!-- Generated by org.testng.reporters.JUnitReportReporter -->
<testsuite hostname="digvijay-Vostro-3583" failures="0" tests="1" name="workingTestscripts.FollowupTests" time="49.181" errors="0" timestamp="2022-09-02T16:05:02 IST" skipped="0">
  <testcase classname="workingTestscripts.FollowupTests" name="scheduleFollowup" time="49.181"/>
  <system-out/>
</testsuite> <!-- workingTestscripts.FollowupTests -->
