<?xml version="1.0" encoding="UTF-8"?>
<!-- Generated by org.testng.reporters.JUnitReportReporter -->
<testsuite hostname="yash-Latitude-3420" failures="0" tests="1" name="workingTestscripts3.TodaysSitevisit_VerificationTest" time="0.000" errors="0" timestamp="02 Jun 2022 07:48:42 GMT" skipped="1">
  <testcase classname="workingTestscripts3.TodaysSitevisit_VerificationTest" name="todaysSitevisit_VerificationTest" time="0.000">
    <skipped/>
  </testcase> <!-- todaysSitevisit_VerificationTest -->
</testsuite> <!-- workingTestscripts3.TodaysSitevisit_VerificationTest -->
