<?xml version="1.0" encoding="UTF-8"?>
<!-- Generated by org.testng.reporters.JUnitReportReporter -->
<testsuite hostname="digvijay-Vostro-3583" failures="0" tests="1" name="workingTestscripts.TodaysFollowup_VerificationTest" time="50.651" errors="0" timestamp="2022-09-02T16:05:02 IST" skipped="0">
  <testcase classname="workingTestscripts.TodaysFollowup_VerificationTest" name="todaysFollowup_VerificationTest" time="50.651"/>
  <system-out/>
</testsuite> <!-- workingTestscripts.TodaysFollowup_VerificationTest -->
