<?xml version="1.0" encoding="UTF-8"?>
<!-- Generated by org.testng.reporters.JUnitReportReporter -->
<testsuite hostname="digvijay-Vostro-3583" failures="0" tests="1" name="userManagementPack.CreatingPresalesUserTest" time="24.489" errors="0" timestamp="2022-11-09T20:54:18 IST" skipped="0">
  <testcase classname="userManagementPack.CreatingPresalesUserTest" name="creatingPresalesUserTest" time="24.489"/>
  <system-out/>
</testsuite> <!-- userManagementPack.CreatingPresalesUserTest -->
