<?xml version="1.0" encoding="UTF-8"?>
<!-- Generated by org.testng.reporters.JUnitReportReporter -->
<testsuite hostname="digvijay-Vostro-3583" failures="0" tests="1" name="leadActivities.LogOfflineCall_outboundAnsweredTest" time="15.915" errors="0" timestamp="2022-11-09T20:29:04 IST" skipped="0">
  <testcase classname="leadActivities.LogOfflineCall_outboundAnsweredTest" name="logOfflineCall_outboundAnsweredTest" time="15.915"/>
  <system-out/>
</testsuite> <!-- leadActivities.LogOfflineCall_outboundAnsweredTest -->
