<?xml version="1.0" encoding="UTF-8"?>
<!-- Generated by org.testng.reporters.JUnitReportReporter -->
<testsuite hostname="digvijay-Latitude-3420" failures="0" tests="1" name="login.Admin_LoginTest" time="6.767" errors="0" timestamp="2023-03-30T18:31:03 IST" skipped="0">
  <testcase classname="login.Admin_LoginTest" name="adminLoginTest" time="6.767"/>
  <system-out/>
</testsuite> <!-- login.Admin_LoginTest -->
