<?xml version="1.0" encoding="UTF-8"?>
<!-- Generated by org.testng.reporters.JUnitReportReporter -->
<testsuite hostname="digvijay-Vostro-3583" failures="0" tests="1" name="userManagementPack.CreatingSalesManagerTest" time="28.393" errors="0" timestamp="2022-11-09T20:54:18 IST" skipped="0">
  <testcase classname="userManagementPack.CreatingSalesManagerTest" name="creatingSalesManagerTest" time="28.393"/>
  <system-out/>
</testsuite> <!-- userManagementPack.CreatingSalesManagerTest -->
