<?xml version="1.0" encoding="UTF-8"?>
<!-- Generated by org.testng.reporters.JUnitReportReporter -->
<testsuite hostname="digvijay-Vostro-3583" failures="0" tests="1" name="workingTestscripts.AddConductedSiteVisitTest" time="19.600" errors="0" timestamp="2022-09-02T16:05:02 IST" skipped="0">
  <testcase classname="workingTestscripts.AddConductedSiteVisitTest" name="addConductedSiteVisitTest" time="19.600"/>
  <system-out/>
</testsuite> <!-- workingTestscripts.AddConductedSiteVisitTest -->
