<?xml version="1.0" encoding="UTF-8"?>
<!-- Generated by org.testng.reporters.JUnitReportReporter -->
<testsuite hostname="digvijay-Vostro-3583" failures="0" tests="1" name="login.SupportManager_LoginTest" time="22.403" errors="0" timestamp="2022-11-09T19:51:19 IST" skipped="0">
  <testcase classname="login.SupportManager_LoginTest" name="supportManager_LoginTest" time="22.403"/>
  <system-out/>
</testsuite> <!-- login.SupportManager_LoginTest -->
