<?xml version="1.0" encoding="UTF-8"?>
<!-- Generated by org.testng.reporters.JUnitReportReporter -->
<testsuite hostname="digvijay-Vostro-3583" failures="0" tests="1" name="exportPackage.ExportLeadsTest" time="22.449" errors="0" timestamp="2022-11-09T20:16:40 IST" skipped="0">
  <testcase classname="exportPackage.ExportLeadsTest" name="exportLeadsTest" time="22.449"/>
  <system-out/>
</testsuite> <!-- exportPackage.ExportLeadsTest -->
