<?xml version="1.0" encoding="UTF-8"?>
<!-- Generated by org.testng.reporters.JUnitReportReporter -->
<testsuite hostname="yash-Latitude-3420" failures="0" tests="1" name="workingTestscripts3.ExportSitevisitsTest" time="0.000" errors="0" timestamp="02 Jun 2022 07:48:42 GMT" skipped="1">
  <testcase classname="workingTestscripts3.ExportSitevisitsTest" name="exportSitevisitsTest" time="0.000">
    <skipped/>
  </testcase> <!-- exportSitevisitsTest -->
</testsuite> <!-- workingTestscripts3.ExportSitevisitsTest -->
