<?xml version="1.0" encoding="UTF-8"?>
<!-- Generated by org.testng.reporters.JUnitReportReporter -->
<testsuite hostname="digvijay-Vostro-3583" failures="0" tests="1" name="dashboardBucketsPack.MissedFollowup_VerificationTest" time="20.089" errors="0" timestamp="2022-09-28T20:13:02 IST" skipped="0">
  <testcase classname="dashboardBucketsPack.MissedFollowup_VerificationTest" name="missedFollowup_VerificationTest" time="20.089"/>
  <system-out/>
</testsuite> <!-- dashboardBucketsPack.MissedFollowup_VerificationTest -->
