<?xml version="1.0" encoding="UTF-8"?>
<!-- Generated by org.testng.reporters.JUnitReportReporter -->
<testsuite hostname="digvijay-Vostro-3583" failures="0" tests="1" name="workingTestscripts1.AddingANoteTest" time="12.070" errors="0" timestamp="2022-09-01T12:58:55 IST" skipped="0">
  <testcase classname="workingTestscripts1.AddingANoteTest" name="addingNoteTest" time="12.070"/>
  <system-out/>
</testsuite> <!-- workingTestscripts1.AddingANoteTest -->
